
 Ansys Mechanical Enterprise Academic Student      


 *------------------------------------------------------------------*
 |                                                                  |
 |   W E L C O M E   T O   T H E   A N S Y S (R)  P R O G R A M     |
 |                                                                  |
 *------------------------------------------------------------------*




 ***************************************************************
 *         ANSYS MAPDL 2023 R1          LEGAL NOTICES          *
 ***************************************************************
 *                                                             *
 * Copyright 1971-2023 Ansys, Inc.  All rights reserved.       *
 * Unauthorized use, distribution or duplication is            *
 * prohibited.                                                 *
 *                                                             *
 * Ansys is a registered trademark of Ansys, Inc. or its       *
 * subsidiaries in the United States or other countries.       *
 * See the Ansys, Inc. online documentation or the Ansys, Inc. *
 * documentation CD or online help for the complete Legal      *
 * Notice.                                                     *
 *                                                             *
 ***************************************************************
 *                                                             *
 * THIS ANSYS SOFTWARE PRODUCT AND PROGRAM DOCUMENTATION       *
 * INCLUDE TRADE SECRETS AND CONFIDENTIAL AND PROPRIETARY      *
 * PRODUCTS OF ANSYS, INC., ITS SUBSIDIARIES, OR LICENSORS.    *
 * The software products and documentation are furnished by    *
 * Ansys, Inc. or its subsidiaries under a software license    *
 * agreement that contains provisions concerning               *
 * non-disclosure, copying, length and nature of use,          *
 * compliance with exporting laws, warranties, disclaimers,    *
 * limitations of liability, and remedies, and other           *
 * provisions.  The software products and documentation may be *
 * used, disclosed, transferred, or copied only in accordance  *
 * with the terms and conditions of that software license      *
 * agreement.                                                  *
 *                                                             *
 * Ansys, Inc. is a UL registered                              *
 * ISO 9001:2015 company.                                      *
 *                                                             *
 ***************************************************************
 *                                                             *
 * This product is subject to U.S. laws governing export and   *
 * re-export.                                                  *
 *                                                             *
 * For U.S. Government users, except as specifically granted   *
 * by the Ansys, Inc. software license agreement, the use,     *
 * duplication, or disclosure by the United States Government  *
 * is subject to restrictions stated in the Ansys, Inc.        *
 * software license agreement and FAR 12.212 (for non-DOD      *
 * licenses).                                                  *
 *                                                             *
 ***************************************************************

 2023 R1 
     
 Point Releases and Patches installed:   
     
 Discovery 2023 R1   
 Autodyn 2023 R1 
 SpaceClaim 2023 R1  
 CFX (includes CFD-Post) 2023 R1 
 Chemkin 2023 R1 
 EnSight 2023 R1 
 FENSAP-ICE 2023 R1  
 Fluent (includes CFD-Post) 2023 R1  
 Polyflow (includes CFD-Post) 2023 R1
 Forte (includes EnSight) 2023 R1
 TurboGrid 2023 R1   
 Aqwa 2023 R1
 Speos 2023 R1   
 Mechanical Products 2023 R1 
 Material Calibration App 2023 R1
 ACIS Geometry Interface 2023 R1 
 AutoCAD Geometry Interface 2023 R1  
 Catia, Version 4 Geometry Interface 2023 R1 
 Catia, Version 5 Geometry Interface 2023 R1 
 Catia, Version 6 Geometry Interface 2023 R1 
 Creo Elements/Direct Modeling Geometry Interface 2023 R1
 Creo Parametric Geometry Interface 2023 R1  
 Inventor Geometry Interface 2023 R1 
 JTOpen Geometry Interface 2023 R1   
 NX Geometry Interface 2023 R1   
 Parasolid Geometry Interface  2023 R1   
 Solid Edge Geometry Interface 2023 R1   
 SOLIDWORKS Geometry Interface 2023 R1   
 Academic Student 2023 R1


          *****  MAPDL COMMAND LINE ARGUMENTS  *****
  BATCH MODE REQUESTED (-b)    = NOLIST
  INPUT FILE COPY MODE (-c)    = COPY
  DISTRIBUTED MEMORY PARALLEL REQUESTED
       4 PARALLEL PROCESSES REQUESTED WITH SINGLE THREAD PER PROCESS
    TOTAL OF     4 CORES REQUESTED
  INPUT FILE NAME              = C:\Users\lenna\Desktop\Simulation_in_der_Gerätetechnik\FEM\Etappe 2\_ProjectScratch\Scr100B\dummy.dat
  OUTPUT FILE NAME             = C:\Users\lenna\Desktop\Simulation_in_der_Gerätetechnik\FEM\Etappe 2\_ProjectScratch\Scr100B\solve.out
  START-UP FILE MODE           = NOREAD
  STOP FILE MODE               = NOREAD

 RELEASE= 2023 R1              BUILD= 23.1      UP20221128   VERSION=WINDOWS x64 
 CURRENT JOBNAME=file0  14:18:01  MAY 01, 2023 CP=      0.203


 PARAMETER _DS_PROGRESS =     999.0000000    

 /INPUT FILE= ds.dat  LINE=       0



 *** NOTE ***                            CP =       0.484   TIME= 14:18:01
 The /CONFIG,NOELDB command is not valid in a distributed memory         
 parallel solution.  Command is ignored.                                 

 *GET  _WALLSTRT  FROM  ACTI  ITEM=TIME WALL  VALUE=  14.3002778    

 TITLE= 
 FEM2_Ansys_19--Rotation (D5)                                                  

  ACT Extensions:
      LSDYNA, 2023.1
      5f463412-bd3e-484b-87e7-cbc0a665e474, wbex
 /COM,     ANSYSMotion, 2023.1
      20180725-3f81-49eb-9f31-41364844c769, wbex
  

 SET PARAMETER DIMENSIONS ON  _WB_PROJECTSCRATCH_DIR
  TYPE=STRI  DIMENSIONS=      248        1        1

 PARAMETER _WB_PROJECTSCRATCH_DIR(1) = C:\Users\lenna\Desktop\Simulation_in_der_Gerätetechnik\FEM\Etappe 2\_ProjectScratch\Scr100B\

 SET PARAMETER DIMENSIONS ON  _WB_SOLVERFILES_DIR
  TYPE=STRI  DIMENSIONS=      248        1        1

 PARAMETER _WB_SOLVERFILES_DIR(1) = C:\Users\lenna\Desktop\Simulation_in_der_Gerätetechnik\FEM\Etappe 2\FEM2_Ansys_19_files\dp0\SYS-3\MECH\

 SET PARAMETER DIMENSIONS ON  _WB_USERFILES_DIR
  TYPE=STRI  DIMENSIONS=      248        1        1

 PARAMETER _WB_USERFILES_DIR(1) = C:\Users\lenna\Desktop\Simulation_in_der_Gerätetechnik\FEM\Etappe 2\FEM2_Ansys_19_files\user_files\
 --- Data in consistent NMM units. See Solving Units in the help system for more

 MPA UNITS SPECIFIED FOR INTERNAL    
  LENGTH      = MILLIMETERS (mm)
  MASS        = TONNE (Mg)
  TIME        = SECONDS (sec)
  TEMPERATURE = CELSIUS (C)
  TOFFSET     = 273.0
  FORCE       = NEWTON (N)
  HEAT        = MILLIJOULES (mJ)

 INPUT  UNITS ARE ALSO SET TO MPA 

 *** MAPDL - ENGINEERING ANALYSIS SYSTEM  RELEASE 2023 R1          23.1     ***
 Ansys Mechanical Enterprise Academic Student      
 01055371  VERSION=WINDOWS x64   14:18:01  MAY 01, 2023 CP=      0.516

 FEM2_Ansys_19--Rotation (D5)                                                  



          ***** MAPDL ANALYSIS DEFINITION (PREP7) *****
 *********** Nodes for the whole assembly ***********
 *********** Elements for Body 1 "Stahlscheibe|Stahlscheibe" ***********
 *********** Elements for Body 2 "Stahlscheibe|Stahlscheibe[2]" ***********
 *********** Elements for Body 3 "Gummihuelse|Gummihuelse" ***********
 *********** Send User Defined Coordinate System(s) ***********
 *********** Set Reference Temperature ***********
 *********** Send Materials ***********
 *********** Create Contact "Kontaktbereich" ***********
             Real Constant Set For Above Contact Is 5 & 4
 *********** Create Contact "Kontaktbereich 2" ***********
             Real Constant Set For Above Contact Is 7 & 6
 *********** Fixed Supports ***********
 ******* Constant Zero Displacement X *******
 ******* Constant Zero Displacement Y *******
 *********** Define Rotational Velocity ***********


 ***** ROUTINE COMPLETED *****  CP =         2.812


 --- Number of total nodes = 91631
 --- Number of contact elements = 4068
 --- Number of spring elements = 0
 --- Number of bearing elements = 0
 --- Number of solid elements = 19876
 --- Number of condensed parts = 0
 --- Number of total elements = 23944

 *GET  _WALLBSOL  FROM  ACTI  ITEM=TIME WALL  VALUE=  14.3005556    
 ****************************************************************************
 *************************    SOLUTION       ********************************
 ****************************************************************************

 *****  MAPDL SOLUTION ROUTINE  *****


 PERFORM A STATIC ANALYSIS
  THIS WILL BE A NEW ANALYSIS

 PARAMETER _THICKRATIO =    0.3330000000    

 USE SPARSE MATRIX DIRECT SOLVER

 CONTACT INFORMATION PRINTOUT LEVEL       1

 DO NOT COMBINE ELEMENT MATRIX FILES (.emat) AFTER DISTRIBUTED PARALLEL SOLUTION

 DO NOT COMBINE ELEMENT SAVE DATA FILES (.esav) AFTER DISTRIBUTED PARALLEL SOLUTION

 NLDIAG: Nonlinear diagnostics CONT option is set to ON. 
         Writing frequency : each ITERATION.

 DO NOT SAVE ANY RESTART FILES AT ALL
 ****************************************************
 ******************* SOLVE FOR LS 1 OF 1 ****************

 CGOMGA=  0.0000      0.0000     -1047.2    

 PRINTOUT RESUMED BY /GOP

 USE       1 SUBSTEPS INITIALLY THIS LOAD STEP FOR ALL  DEGREES OF FREEDOM
 FOR AUTOMATIC TIME STEPPING:
   USE      1 SUBSTEPS AS A MAXIMUM
   USE      1 SUBSTEPS AS A MINIMUM

 TIME=  1.0000    

 ERASE THE CURRENT DATABASE OUTPUT CONTROL TABLE.


 WRITE ALL  ITEMS TO THE DATABASE WITH A FREQUENCY OF NONE
   FOR ALL APPLICABLE ENTITIES

 WRITE NSOL ITEMS TO THE DATABASE WITH A FREQUENCY OF ALL 
   FOR ALL APPLICABLE ENTITIES

 WRITE RSOL ITEMS TO THE DATABASE WITH A FREQUENCY OF ALL 
   FOR ALL APPLICABLE ENTITIES

 WRITE EANG ITEMS TO THE DATABASE WITH A FREQUENCY OF ALL 
   FOR ALL APPLICABLE ENTITIES

 WRITE ETMP ITEMS TO THE DATABASE WITH A FREQUENCY OF ALL 
   FOR ALL APPLICABLE ENTITIES

 WRITE VENG ITEMS TO THE DATABASE WITH A FREQUENCY OF ALL 
   FOR ALL APPLICABLE ENTITIES

 WRITE STRS ITEMS TO THE DATABASE WITH A FREQUENCY OF ALL 
   FOR ALL APPLICABLE ENTITIES

 WRITE EPEL ITEMS TO THE DATABASE WITH A FREQUENCY OF ALL 
   FOR ALL APPLICABLE ENTITIES

 WRITE EPPL ITEMS TO THE DATABASE WITH A FREQUENCY OF ALL 
   FOR ALL APPLICABLE ENTITIES

 WRITE CONT ITEMS TO THE DATABASE WITH A FREQUENCY OF ALL 
   FOR ALL APPLICABLE ENTITIES

 *GET  ANSINTER_  FROM  ACTI  ITEM=INT        VALUE=  0.00000000    

 *IF  ANSINTER_                         ( =   0.00000     )  NE  
      0                                 ( =   0.00000     )  THEN    

 *ENDIF

 *** NOTE ***                            CP =       3.328   TIME= 14:18:02
 The automatic domain decomposition logic has selected the MESH domain   
 decomposition method with 4 processes per solution.                     

 *****  MAPDL SOLVE    COMMAND  *****

 *** WARNING ***                         CP =       3.422   TIME= 14:18:02
 Element shape checking is currently inactive.  Issue SHPP,ON or         
 SHPP,WARN to reactivate, if desired.                                    

 *** NOTE ***                            CP =       3.719   TIME= 14:18:02
 The model data was checked and warning messages were found.             
  Please review output or errors file (                                  
 C:\Users\lenna\Desktop\Simulation_in_der_Gerätetechnik\FEM\Etappe       
 2\_ProjectScratch\Scr100B\file0.err ) for these warning messages.       

 *** SELECTION OF ELEMENT TECHNOLOGIES FOR APPLICABLE ELEMENTS ***
      --- GIVE SUGGESTIONS AND RESET THE KEY OPTIONS ---

 ELEMENT TYPE         1 IS SOLID186. KEYOPT(2)=0 IS SUGGESTED AND HAS BEEN RESET.
  KEYOPT(1-12)=    0    0    0    0    0    0    0    0    0    0    0    0

 ELEMENT TYPE         2 IS SOLID186. KEYOPT(2)=0 IS SUGGESTED AND HAS BEEN RESET.
  KEYOPT(1-12)=    0    0    0    0    0    0    0    0    0    0    0    0

 ELEMENT TYPE         3 IS SOLID186. KEYOPT(2)=0 IS SUGGESTED AND HAS BEEN RESET.
  KEYOPT(1-12)=    0    0    0    0    0    0    0    0    0    0    0    0



 *** MAPDL - ENGINEERING ANALYSIS SYSTEM  RELEASE 2023 R1          23.1     ***
 Ansys Mechanical Enterprise Academic Student      
 01055371  VERSION=WINDOWS x64   14:18:02  MAY 01, 2023 CP=      3.781

 FEM2_Ansys_19--Rotation (D5)                                                  



                       S O L U T I O N   O P T I O N S

   PROBLEM DIMENSIONALITY. . . . . . . . . . . . .3-D                  
   DEGREES OF FREEDOM. . . . . . UX   UY   UZ  
   ANALYSIS TYPE . . . . . . . . . . . . . . . . .STATIC (STEADY-STATE)
   OFFSET TEMPERATURE FROM ABSOLUTE ZERO . . . . .  273.15    
   EQUATION SOLVER OPTION. . . . . . . . . . . . .SPARSE             
   GLOBALLY ASSEMBLED MATRIX . . . . . . . . . . .SYMMETRIC  

 *** NOTE ***                            CP =       3.938   TIME= 14:18:02
 The conditions for direct assembly have been met.  No .emat or .erot    
 files will be produced.                                                 

 *** NOTE ***                            CP =       4.594   TIME= 14:18:03
 Symmetric Deformable- deformable contact pair identified by real        
 constant set 4 and contact element type 4 has been set up.  The         
 companion pair has real constant set ID 5.  Both pairs should have the  
 same behavior.                                                          
 MAPDL will keep the current pair and deactivate its companion pair,     
 resulting in asymmetric contact.                                        
 Linear contact is defined
 Contact algorithm: Augmented Lagrange method
 Contact detection at: Gauss integration point
 Contact stiffness factor FKN                  10.000    
 The resulting initial contact stiffness       4640.3    
 Default penetration tolerance factor FTOLN   0.10000    
 The resulting penetration tolerance          0.25950E-01
 Default opening contact stiffness OPSF will be used.
 Default tangent stiffness factor FKT          1.0000    
 Use constant contact stiffness
 Default Max. friction stress TAUMAX          0.10000E+21
 Average contact surface length               0.31177    
 Average contact pair depth                   0.25950    
 Average target surface length                0.49795    
 Default pinball region factor PINB           0.25000    
 The resulting pinball region                 0.64875E-01
 Initial penetration/gap is excluded.
 Bonded contact (always) is defined.

 *** NOTE ***                            CP =       4.594   TIME= 14:18:03
 Max.  Initial penetration 1.110223025E-16 was detected between contact  
 element 28402 and target element 29707.                                 
 ****************************************
  

 *** NOTE ***                            CP =       4.594   TIME= 14:18:03
 Symmetric Deformable- deformable contact pair identified by real        
 constant set 5 and contact element type 4 has been set up.  The         
 companion pair has real constant set ID 4.  Both pairs should have the  
 same behavior.                                                          
 MAPDL will deactivate the current pair and keep its companion pair,     
 resulting in asymmetric contact.                                        
 Linear contact is defined
 Contact algorithm: Augmented Lagrange method
 Contact detection at: Gauss integration point
 Contact stiffness factor FKN                  10.000    
 The resulting initial contact stiffness       4640.3    
 Default penetration tolerance factor FTOLN   0.10000    
 The resulting penetration tolerance          0.51721E-01
 Default opening contact stiffness OPSF will be used.
 Default tangent stiffness factor FKT          1.0000    
 Use constant contact stiffness
 Default Max. friction stress TAUMAX          0.10000E+21
 Average contact surface length               0.51086    
 Average contact pair depth                   0.51721    
 Average target surface length                0.33388    
 Default pinball region factor PINB           0.25000    
 The resulting pinball region                 0.12930    
 Initial penetration/gap is excluded.
 Bonded contact (always) is defined.

 *** NOTE ***                            CP =       4.594   TIME= 14:18:03
 Max.  Initial penetration 1.110223025E-16 was detected between contact  
 element 29115 and target element 28372.                                 
 ****************************************
  

 *** NOTE ***                            CP =       4.594   TIME= 14:18:03
 Symmetric Deformable- deformable contact pair identified by real        
 constant set 6 and contact element type 6 has been set up.  The         
 companion pair has real constant set ID 7.  Both pairs should have the  
 same behavior.                                                          
 MAPDL will keep the current pair and deactivate its companion pair,     
 resulting in asymmetric contact.                                        
 Linear contact is defined
 Contact algorithm: Augmented Lagrange method
 Contact detection at: Gauss integration point
 Contact stiffness factor FKN                  10.000    
 The resulting initial contact stiffness       4640.3    
 Default penetration tolerance factor FTOLN   0.10000    
 The resulting penetration tolerance          0.25950E-01
 Default opening contact stiffness OPSF will be used.
 Default tangent stiffness factor FKT          1.0000    
 Use constant contact stiffness
 Default Max. friction stress TAUMAX          0.10000E+21
 Average contact surface length               0.37891    
 Average contact pair depth                   0.25950    
 Average target surface length                0.49795    
 Default pinball region factor PINB           0.25000    
 The resulting pinball region                 0.64875E-01
 Initial penetration/gap is excluded.
 Bonded contact (always) is defined.

 *** NOTE ***                            CP =       4.594   TIME= 14:18:03
 Max.  Initial penetration 1.065814104E-14 was detected between contact  
 element 30462 and target element 31743.                                 
 ****************************************
  

 *** NOTE ***                            CP =       4.594   TIME= 14:18:03
 Symmetric Deformable- deformable contact pair identified by real        
 constant set 7 and contact element type 6 has been set up.  The         
 companion pair has real constant set ID 6.  Both pairs should have the  
 same behavior.                                                          
 MAPDL will deactivate the current pair and keep its companion pair,     
 resulting in asymmetric contact.                                        
 Linear contact is defined
 Contact algorithm: Augmented Lagrange method
 Contact detection at: Gauss integration point
 Contact stiffness factor FKN                  10.000    
 The resulting initial contact stiffness       4640.3    
 Default penetration tolerance factor FTOLN   0.10000    
 The resulting penetration tolerance          0.51721E-01
 Default opening contact stiffness OPSF will be used.
 Default tangent stiffness factor FKT          1.0000    
 Use constant contact stiffness
 Default Max. friction stress TAUMAX          0.10000E+21
 Average contact surface length               0.50100    
 Average contact pair depth                   0.51721    
 Average target surface length                0.33388    
 Default pinball region factor PINB           0.25000    
 The resulting pinball region                 0.12930    
 Initial penetration/gap is excluded.
 Bonded contact (always) is defined.

 *** NOTE ***                            CP =       4.594   TIME= 14:18:03
 Max.  Initial penetration 7.105427358E-15 was detected between contact  
 element 31166 and target element 30371.                                 
 ****************************************
  
  
  

  
  
     D I S T R I B U T E D   D O M A I N   D E C O M P O S E R
  
  ...Number of elements: 23944
  ...Number of nodes:    91631
  ...Decompose to 4 CPU domains
  ...Element load balance ratio =     1.101


                      L O A D   S T E P   O P T I O N S

   LOAD STEP NUMBER. . . . . . . . . . . . . . . .     1
   TIME AT END OF THE LOAD STEP. . . . . . . . . .  1.0000    
   NUMBER OF SUBSTEPS. . . . . . . . . . . . . . .     1
   STEP CHANGE BOUNDARY CONDITIONS . . . . . . . .    NO
   INERTIA LOADS                        X           Y           Z 
      CGLOC. . . . . . . . . . . .  0.0000      0.0000      15.000    
      CGOMGA . . . . . . . . . . .  0.0000      0.0000     -1047.2    
   PRINT OUTPUT CONTROLS . . . . . . . . . . . . .NO PRINTOUT
   DATABASE OUTPUT CONTROLS
      ITEM     FREQUENCY   COMPONENT
       ALL       NONE               
      NSOL        ALL               
      RSOL        ALL               
      EANG        ALL               
      ETMP        ALL               
      VENG        ALL               
      STRS        ALL               
      EPEL        ALL               
      EPPL        ALL               
      CONT        ALL               


 SOLUTION MONITORING INFO IS WRITTEN TO FILE= file.mntr                                                                                                                                                                                                                                                           



                         ***********  PRECISE MASS SUMMARY  ***********

   TOTAL RIGID BODY MASS MATRIX ABOUT ORIGIN
               Translational mass               |   Coupled translational/rotational mass
        0.27973E-05    0.0000        0.0000     |     0.0000       0.41959E-04  -0.12268E-04
         0.0000       0.27973E-05    0.0000     |   -0.41959E-04    0.0000       0.12268E-04
         0.0000        0.0000       0.27973E-05 |    0.12268E-04  -0.12268E-04    0.0000    
     ------------------------------------------ | ------------------------------------------
                                                |         Rotational mass (inertia)
                                                |    0.98809E-03  -0.46301E-04  -0.18402E-03
                                                |   -0.46301E-04   0.98809E-03  -0.18402E-03
                                                |   -0.18402E-03  -0.18402E-03   0.14546E-03

   TOTAL MASS = 0.27973E-05
     The mass principal axes coincide with the global Cartesian axes

   CENTER OF MASS (X,Y,Z)=    4.3856        4.3856        15.000    

   TOTAL INERTIA ABOUT CENTER OF MASS
        0.30490E-03   0.75006E-05   0.97454E-19
        0.75006E-05   0.30490E-03   0.24306E-18
        0.97454E-19   0.24306E-18   0.37855E-04

   PRINCIPAL INERTIAS =   0.31240E-03   0.29740E-03   0.37855E-04
   ORIENTATION VECTORS OF THE INERTIA PRINCIPAL AXES IN GLOBAL CARTESIAN
     ( 0.707, 0.707, 0.000) (-0.707, 0.707, 0.000) (-0.000,-0.000, 1.000) 


  *** MASS SUMMARY BY ELEMENT TYPE ***

  TYPE      MASS
     1  0.306792E-06
     2  0.306792E-06
     3  0.218368E-05

 Range of element maximum matrix coefficients in global coordinates
 Maximum = 121506.146 at element 744.                                    
 Minimum = 25.1253157 at element 3052.                                   

   *** ELEMENT MATRIX FORMULATION TIMES
     TYPE    NUMBER   ENAME      TOTAL CP  AVE CP

        1      1426  SOLID186      0.469   0.000329
        2      1426  SOLID186      0.375   0.000263
        3     17024  SOLID186      4.781   0.000281
        4      1017  CONTA174      0.469   0.000461
        5      1017  TARGE170      0.016   0.000015
        6      1017  CONTA174      0.453   0.000446
        7      1017  TARGE170      0.016   0.000015
 Time at end of element matrix formulation CP = 8.03125.                 

 DISTRIBUTED SPARSE MATRIX DIRECT SOLVER.
  Number of equations =      267101,    Maximum wavefront =    243

 *** NOTE ***                            CP =      10.766   TIME= 14:18:09
 The initial memory allocation (-m) has been exceeded.                   
  Supplemental memory allocations are being used.                        

  Process memory allocated for solver              =  1270.461 MB
  Process memory required for in-core solution     =  1214.363 MB
  Process memory required for out-of-core solution =   404.181 MB

  Total memory allocated for solver                =  4770.817 MB
  Total memory required for in-core solution       =  4561.576 MB
  Total memory required for out-of-core solution   =  1526.598 MB

 *** NOTE ***                            CP =      10.766   TIME= 14:18:09
 The Distributed Sparse Matrix Solver is currently running in the        
 in-core memory mode.  This memory mode uses the most amount of memory   
 in order to avoid using the hard drive as much as possible, which most  
 often results in the fastest solution time.  This mode is recommended   
 if enough physical memory is present to accommodate all of the solver   
 data.                                                                   
 curEqn=  29094  totEqn=  63949 Job CP sec=     31.766
      Factor Done=  50% Factor Wall sec=     18.562 rate=       9.3 GFlops
 curEqn=  63949  totEqn=  63949 Job CP sec=     50.953
      Factor Done= 100% Factor Wall sec=     37.465 rate=       9.2 GFlops
 Distributed sparse solver maximum pivot= 444016.794 at node 4946 UZ.    
 Distributed sparse solver minimum pivot= 1.67567608 at node 34219 UY.   
 Distributed sparse solver minimum pivot in absolute value= 1.67567608   
 at node 34219 UY.                                                       

   *** ELEMENT RESULT CALCULATION TIMES
     TYPE    NUMBER   ENAME      TOTAL CP  AVE CP

        1      1426  SOLID186      0.453   0.000318
        2      1426  SOLID186      0.406   0.000285
        3     17024  SOLID186      4.438   0.000261
        4      1017  CONTA174      0.219   0.000215
        6      1017  CONTA174      0.219   0.000215

   *** NODAL LOAD CALCULATION TIMES
     TYPE    NUMBER   ENAME      TOTAL CP  AVE CP

        1      1426  SOLID186      0.141   0.000099
        2      1426  SOLID186      0.062   0.000044
        3     17024  SOLID186      0.594   0.000035
        4      1017  CONTA174      0.047   0.000046
        6      1017  CONTA174      0.047   0.000046
 *** LOAD STEP     1   SUBSTEP     1  COMPLETED.    CUM ITER =      1
 *** TIME =   1.00000         TIME INC =   1.00000      NEW TRIANG MATRIX


 *** MAPDL BINARY FILE STATISTICS
  BUFFER SIZE USED= 16384
        3.875 MB WRITTEN ON ELEMENT SAVED DATA FILE: file0.esav
       64.875 MB WRITTEN ON ASSEMBLED MATRIX FILE: file0.full
        6.562 MB WRITTEN ON RESULTS FILE: file0.rst
 *************** Write FE CONNECTORS *********

 WRITE OUT CONSTRAINT EQUATIONS TO FILE= file.ce                                                                                                                                                                                                                                                             
 ****************************************************
 *************** FINISHED SOLVE FOR LS 1 *************

 *GET  _WALLASOL  FROM  ACTI  ITEM=TIME WALL  VALUE=  14.3144444    

 PRINTOUT RESUMED BY /GOP

 FINISH SOLUTION PROCESSING


 ***** ROUTINE COMPLETED *****  CP =        55.641



 *** MAPDL - ENGINEERING ANALYSIS SYSTEM  RELEASE 2023 R1          23.1     ***
 Ansys Mechanical Enterprise Academic Student      
 01055371  VERSION=WINDOWS x64   14:18:54  MAY 01, 2023 CP=     55.656

 FEM2_Ansys_19--Rotation (D5)                                                  



          ***** MAPDL RESULTS INTERPRETATION (POST1) *****

 *** NOTE ***                            CP =      55.688   TIME= 14:18:54
 Reading results into the database (SET command) will update the current 
 displacement and force boundary conditions in the database with the     
 values from the results file for that load set.  Note that any          
 subsequent solutions will use these values unless action is taken to    
 either SAVE the current values or not overwrite them (/EXIT,NOSAVE).    

 Set Encoding of XML File to:ISO-8859-1

 Set Output of XML File to:
     PARM,     ,     ,     ,     ,     ,     ,     ,     ,     ,     ,     ,
         ,     ,     ,     ,     ,     ,     ,

 DATABASE WRITTEN ON FILE  parm.xml                                                                                                                                                                                                                                                            

 EXIT THE MAPDL POST1 DATABASE PROCESSOR


 ***** ROUTINE COMPLETED *****  CP =        55.750



 PRINTOUT RESUMED BY /GOP

 *GET  _WALLDONE  FROM  ACTI  ITEM=TIME WALL  VALUE=  14.3150000    

 PARAMETER _PREPTIME =     1.000000000    

 PARAMETER _SOLVTIME =     50.00000000    

 PARAMETER _POSTTIME =     2.000000000    

 PARAMETER _TOTALTIM =     53.00000000    

 *GET  _DLBRATIO  FROM  ACTI  ITEM=SOLU DLBR  VALUE=  1.10130246    

 *GET  _COMBTIME  FROM  ACTI  ITEM=SOLU COMB  VALUE= 0.422107558    

 *GET  _SSMODE   FROM  ACTI  ITEM=SOLU SSMM  VALUE=  2.00000000    

 *GET  _NDOFS    FROM  ACTI  ITEM=SOLU NDOF  VALUE=  267101.000    

 *GET  _SOL_END_TIME  FROM  ACTI  ITEM=SET  TIME  VALUE=  1.00000000    

 *IF  _sol_end_time                     ( =   1.00000     )  EQ  
      1.000000                          ( =   1.00000     )  THEN    

 /FCLEAN COMMAND REMOVING ALL LOCAL FILES

 *ENDIF
 --- Total number of nodes = 91631
 --- Total number of elements = 23944
 --- Element load balance ratio = 1.10130246
 --- Time to combine distributed files = 0.422107558
 --- Sparse memory mode = 2
 --- Number of DOF = 267101

 EXIT MAPDL WITHOUT SAVING DATABASE


 NUMBER OF WARNING MESSAGES ENCOUNTERED=          1
 NUMBER OF ERROR   MESSAGES ENCOUNTERED=          0

+--------------------- M A P D L   S T A T I S T I C S ------------------------+

Release: 2023 R1            Build: 23.1       Update: UP20221128   Platform: WINDOWS x64 
Date Run: 05/01/2023   Time: 14:18     Process ID: 11156
Operating System: Windows 11  (Build: 22621)

Processor Model: Intel(R) Core(TM) i7-9750H CPU @ 2.60GHz

Compiler: Intel(R) Fortran Compiler Version 19.0.5  (Build: 20190815)
          Intel(R) C/C++ Compiler Version 19.0.5  (Build: 20190815)
          Intel(R) Math Kernel Library Version 2020.0.0 Product Build 20191125
          BLAS Library supplied by Intel(R) MKL

Number of machines requested            :    1
Total number of cores available         :   12
Number of physical cores available      :    6
Number of processes requested           :    4
Number of threads per process requested :    1
Total number of cores requested         :    4 (Distributed Memory Parallel)               
MPI Type: INTELMPI
MPI Version: Intel(R) MPI Library 2021.5 for Windows* OS


GPU Acceleration: Not Requested

Job Name: file0
Input File: dummy.dat

  Core                Machine Name   Working Directory
 -----------------------------------------------------
     0                      LG-Win   C:\Users\lenna\Desktop\Simulation_in_der_Gerätetechnik\FEM\Etappe 2\_ProjectScratch\Scr100B
     1                      LG-Win   C:\Users\lenna\Desktop\Simulation_in_der_Gerätetechnik\FEM\Etappe 2\_ProjectScratch\Scr100B
     2                      LG-Win   C:\Users\lenna\Desktop\Simulation_in_der_Gerätetechnik\FEM\Etappe 2\_ProjectScratch\Scr100B
     3                      LG-Win   C:\Users\lenna\Desktop\Simulation_in_der_Gerätetechnik\FEM\Etappe 2\_ProjectScratch\Scr100B
 
Latency time from master to core     1 =   52.817 microseconds
Latency time from master to core     2 =   44.327 microseconds
Latency time from master to core     3 =   45.048 microseconds
 
Communication speed from master to core     1 =  2427.16 MB/sec
Communication speed from master to core     2 =  2090.43 MB/sec
Communication speed from master to core     3 =  2347.80 MB/sec

Total CPU time for main thread                    :       54.2 seconds
Total CPU time summed for all threads             :       56.8 seconds

Elapsed time spent obtaining a license            :        0.5 seconds
Elapsed time spent pre-processing model (/PREP7)  :        0.7 seconds
Elapsed time spent solution - preprocessing       :        1.5 seconds
Elapsed time spent computing solution             :       47.8 seconds
Elapsed time spent solution - postprocessing      :        0.4 seconds
Elapsed time spent post-processing model (/POST1) :        0.0 seconds
 
Equation solver used                              :            Sparse (symmetric)
Equation solver computational rate                :       34.4 Gflops

Sum of memory used on all processes               :     5235.0 MB
Sum of memory allocated on all processes          :     9577.0 MB
Physical memory available                         :         12 GB

Total amount of I/O written to disk               :        0.1 GB
Total amount of I/O read from disk                :        0.0 GB

+------------------ E N D   M A P D L   S T A T I S T I C S -------------------+


 *-----------------------------------------------------------------------------*
 |                                                                             |
 |                               RUN COMPLETED                                 |
 |                                                                             |
 |-----------------------------------------------------------------------------|
 |                                                                             |
 |  Ansys MAPDL 2023 R1         Build 23.1         UP20221128    WINDOWS x64   |
 |                                                                             |
 |-----------------------------------------------------------------------------|
 |                                                                             |
 |  Database Requested(-db)     1024 MB     Scratch Memory Requested   1024 MB |
 |  Max Database Used(Master)     52 MB     Max Scratch Used(Master)   1386 MB |
 |  Max Database Used(Workers)     1 MB     Max Scratch Used(Workers)  1365 MB |
 |  Sum Database Used(All)        55 MB     Sum Scratch Used(All)      5180 MB |
 |                                                                             |
 |-----------------------------------------------------------------------------|
 |                                                                             |
 |        CP Time      (sec) =         56.812       Time  =  14:18:55          |
 |        Elapsed Time (sec) =         56.000       Date  =  05/01/2023        |
 |                                                                             |
 *-----------------------------------------------------------------------------*
