
 Ansys Mechanical Enterprise Academic Student      


 *------------------------------------------------------------------*
 |                                                                  |
 |   W E L C O M E   T O   T H E   A N S Y S (R)  P R O G R A M     |
 |                                                                  |
 *------------------------------------------------------------------*




 ***************************************************************
 *         ANSYS MAPDL 2023 R1          LEGAL NOTICES          *
 ***************************************************************
 *                                                             *
 * Copyright 1971-2023 Ansys, Inc.  All rights reserved.       *
 * Unauthorized use, distribution or duplication is            *
 * prohibited.                                                 *
 *                                                             *
 * Ansys is a registered trademark of Ansys, Inc. or its       *
 * subsidiaries in the United States or other countries.       *
 * See the Ansys, Inc. online documentation or the Ansys, Inc. *
 * documentation CD or online help for the complete Legal      *
 * Notice.                                                     *
 *                                                             *
 ***************************************************************
 *                                                             *
 * THIS ANSYS SOFTWARE PRODUCT AND PROGRAM DOCUMENTATION       *
 * INCLUDE TRADE SECRETS AND CONFIDENTIAL AND PROPRIETARY      *
 * PRODUCTS OF ANSYS, INC., ITS SUBSIDIARIES, OR LICENSORS.    *
 * The software products and documentation are furnished by    *
 * Ansys, Inc. or its subsidiaries under a software license    *
 * agreement that contains provisions concerning               *
 * non-disclosure, copying, length and nature of use,          *
 * compliance with exporting laws, warranties, disclaimers,    *
 * limitations of liability, and remedies, and other           *
 * provisions.  The software products and documentation may be *
 * used, disclosed, transferred, or copied only in accordance  *
 * with the terms and conditions of that software license      *
 * agreement.                                                  *
 *                                                             *
 * Ansys, Inc. is a UL registered                              *
 * ISO 9001:2015 company.                                      *
 *                                                             *
 ***************************************************************
 *                                                             *
 * This product is subject to U.S. laws governing export and   *
 * re-export.                                                  *
 *                                                             *
 * For U.S. Government users, except as specifically granted   *
 * by the Ansys, Inc. software license agreement, the use,     *
 * duplication, or disclosure by the United States Government  *
 * is subject to restrictions stated in the Ansys, Inc.        *
 * software license agreement and FAR 12.212 (for non-DOD      *
 * licenses).                                                  *
 *                                                             *
 ***************************************************************

 2023 R1 
     
 Point Releases and Patches installed:   
     
 Discovery 2023 R1   
 Autodyn 2023 R1 
 SpaceClaim 2023 R1  
 CFX (includes CFD-Post) 2023 R1 
 Chemkin 2023 R1 
 EnSight 2023 R1 
 FENSAP-ICE 2023 R1  
 Fluent (includes CFD-Post) 2023 R1  
 Polyflow (includes CFD-Post) 2023 R1
 Forte (includes EnSight) 2023 R1
 TurboGrid 2023 R1   
 Aqwa 2023 R1
 Speos 2023 R1   
 Mechanical Products 2023 R1 
 Material Calibration App 2023 R1
 ACIS Geometry Interface 2023 R1 
 AutoCAD Geometry Interface 2023 R1  
 Catia, Version 4 Geometry Interface 2023 R1 
 Catia, Version 5 Geometry Interface 2023 R1 
 Catia, Version 6 Geometry Interface 2023 R1 
 Creo Elements/Direct Modeling Geometry Interface 2023 R1
 Creo Parametric Geometry Interface 2023 R1  
 Inventor Geometry Interface 2023 R1 
 JTOpen Geometry Interface 2023 R1   
 NX Geometry Interface 2023 R1   
 Parasolid Geometry Interface  2023 R1   
 Solid Edge Geometry Interface 2023 R1   
 SOLIDWORKS Geometry Interface 2023 R1   
 Academic Student 2023 R1


          *****  MAPDL COMMAND LINE ARGUMENTS  *****
  BATCH MODE REQUESTED (-b)    = NOLIST
  INPUT FILE COPY MODE (-c)    = COPY
  DISTRIBUTED MEMORY PARALLEL REQUESTED
       4 PARALLEL PROCESSES REQUESTED WITH SINGLE THREAD PER PROCESS
    TOTAL OF     4 CORES REQUESTED
  INPUT FILE NAME              = C:\Users\lenna\Desktop\Simulation_in_der_Gerätetechnik\FEM\Etappe 1\_ProjectScratch\Scr963E\dummy.dat
  OUTPUT FILE NAME             = C:\Users\lenna\Desktop\Simulation_in_der_Gerätetechnik\FEM\Etappe 1\_ProjectScratch\Scr963E\solve.out
  START-UP FILE MODE           = NOREAD
  STOP FILE MODE               = NOREAD

 RELEASE= 2023 R1              BUILD= 23.1      UP20221128   VERSION=WINDOWS x64 
 CURRENT JOBNAME=file0  17:54:06  APR 16, 2023 CP=      0.156


 PARAMETER _DS_PROGRESS =     999.0000000    

 /INPUT FILE= ds.dat  LINE=       0



 *** NOTE ***                            CP =       0.375   TIME= 17:54:06
 The /CONFIG,NOELDB command is not valid in a distributed memory         
 parallel solution.  Command is ignored.                                 

 *GET  _WALLSTRT  FROM  ACTI  ITEM=TIME WALL  VALUE=  17.9016667    

 TITLE= 
 FEM1_Ansys_19--Spiel (F5)                                                     

  ACT Extensions:
      LSDYNA, 2023.1
      5f463412-bd3e-484b-87e7-cbc0a665e474, wbex
 /COM,     ANSYSMotion, 2023.1
      20180725-3f81-49eb-9f31-41364844c769, wbex
  

 SET PARAMETER DIMENSIONS ON  _WB_PROJECTSCRATCH_DIR
  TYPE=STRI  DIMENSIONS=      248        1        1

 PARAMETER _WB_PROJECTSCRATCH_DIR(1) = C:\Users\lenna\Desktop\Simulation_in_der_Gerätetechnik\FEM\Etappe 1\_ProjectScratch\Scr963E\

 SET PARAMETER DIMENSIONS ON  _WB_SOLVERFILES_DIR
  TYPE=STRI  DIMENSIONS=      248        1        1

 PARAMETER _WB_SOLVERFILES_DIR(1) = C:\Users\lenna\Desktop\Simulation_in_der_Gerätetechnik\FEM\Etappe 1\FEM1_Ansys_19_files\dp0\SYS-6\MECH\

 SET PARAMETER DIMENSIONS ON  _WB_USERFILES_DIR
  TYPE=STRI  DIMENSIONS=      248        1        1

 PARAMETER _WB_USERFILES_DIR(1) = C:\Users\lenna\Desktop\Simulation_in_der_Gerätetechnik\FEM\Etappe 1\FEM1_Ansys_19_files\user_files\
 --- Data in consistent NMM units. See Solving Units in the help system for more

 MPA UNITS SPECIFIED FOR INTERNAL    
  LENGTH      = MILLIMETERS (mm)
  MASS        = TONNE (Mg)
  TIME        = SECONDS (sec)
  TEMPERATURE = CELSIUS (C)
  TOFFSET     = 273.0
  FORCE       = NEWTON (N)
  HEAT        = MILLIJOULES (mJ)

 INPUT  UNITS ARE ALSO SET TO MPA 

 *** MAPDL - ENGINEERING ANALYSIS SYSTEM  RELEASE 2023 R1          23.1     ***
 Ansys Mechanical Enterprise Academic Student      
 01055371  VERSION=WINDOWS x64   17:54:06  APR 16, 2023 CP=      0.406

 FEM1_Ansys_19--Spiel (F5)                                                     



          ***** MAPDL ANALYSIS DEFINITION (PREP7) *****
 *********** Nodes for the whole assembly ***********
 *********** Elements for Body 1 "SYS-5\Oberfl_che" ***********
 *********** Send User Defined Coordinate System(s) ***********
 *********** Set Reference Temperature ***********
 *********** Send Materials ***********
 *********** Send Sheet Properties ***********
 *********** Fixed Supports ***********
 ******* Constant Zero Displacement Y *******
 *********** Create Bearing Load ***********


 ***** ROUTINE COMPLETED *****  CP =         0.469


 --- Number of total nodes = 1424
 --- Number of contact elements = 58
 --- Number of spring elements = 0
 --- Number of bearing elements = 0
 --- Number of solid elements = 1320
 --- Number of condensed parts = 0
 --- Number of total elements = 1378

 *GET  _WALLBSOL  FROM  ACTI  ITEM=TIME WALL  VALUE=  17.9016667    
 ****************************************************************************
 *************************    SOLUTION       ********************************
 ****************************************************************************

 *****  MAPDL SOLUTION ROUTINE  *****


 PERFORM A STATIC ANALYSIS
  THIS WILL BE A NEW ANALYSIS

 PARAMETER _THICKRATIO =     0.000000000    

 USE SPARSE MATRIX DIRECT SOLVER

 CONTACT INFORMATION PRINTOUT LEVEL       1

 DO NOT COMBINE ELEMENT MATRIX FILES (.emat) AFTER DISTRIBUTED PARALLEL SOLUTION

 DO NOT COMBINE ELEMENT SAVE DATA FILES (.esav) AFTER DISTRIBUTED PARALLEL SOLUTION

 NLDIAG: Nonlinear diagnostics CONT option is set to ON. 
         Writing frequency : each ITERATION.

 DO NOT SAVE ANY RESTART FILES AT ALL
 ****************************************************
 ******************* SOLVE FOR LS 1 OF 1 ****************

 SELECT       FOR ITEM=TYPE COMPONENT=    
  IN RANGE         2 TO          2 STEP          1

         58  ELEMENTS (OF       1378  DEFINED) SELECTED BY  ESEL  COMMAND.

 SPECIFIED SURFACE LOAD PRES FOR ALL SELECTED ELEMENTS  LKEY =  4   KVAL = 1
     VALUES =     0.0000         1.0000         0.0000         0.0000    

 COORDINATE SYSTEM         11 DEFINITION.  TYPE= 0  (CARTESIAN)  
   XC,YC,ZC=  0.0000      0.0000      0.0000    
   ANGLES=    0.00    0.00    0.00   PARAMETERS=   1.000   1.000
   ORIENTATION=  1.00  0.00  0.00   0.00  1.00  0.00   0.00  0.00  1.00

 ACTIVE COORDINATE SYSTEM SET TO        11  (CARTESIAN)  

 ACTIVE COORDINATE SYSTEM SET TO          0  (CARTESIAN)  

 PARAMETER _V1 =     1.000000000    

 PARAMETER _V2 =     0.000000000    

 PARAMETER _V3 =     0.000000000    

 *GET  _NECURR   FROM  ELEM  ITEM=COUN           VALUE=  58.0000000    

 PARAMETER _ECURR =     0.000000000    

 PARAMETER _TOTAL =     0.000000000    

 *DO LOOP ON PARAMETER= _I FROM  1.0000     TO  58.000     BY  1.0000    

 PARAMETER _ECURR =     1321.000000    

 PARAMETER _NORMX =    0.5489235813E-01

 PARAMETER _NORMY =   -0.7525403208E-03

 PARAMETER _NORMMAG =    0.5489751632E-01

 PARAMETER _NORMX =    0.9999060397    

 PARAMETER _NORMY =   -0.1370809412E-01

 PARAMETER _DOT =    0.9999060397    

 *IF  _dot                              ( =  0.999906     )  GT  
      -.00001                           ( = -0.100000E-04 )  THEN    

 UNSELECT     FOR ITEM=ELEM COMPONENT=    
  IN RANGE      1321 TO       1321 STEP          1

         57  ELEMENTS (OF       1378  DEFINED) SELECTED BY  ESEL  COMMAND.

 *ELSE

 *ENDIF

 *ENDDO  INDEX= _I                              

 PARAMETER _THICK =     1.000000000    

 PARAMETER _TOTAL =     2.000000000    

 *GET  _NECURR   FROM  ELEM  ITEM=COUN           VALUE=  30.0000000    

 *IF  _necurr                           ( =   30.0000     )  EQ  
      0                                 ( =   0.00000     )  THEN    

 *ENDIF

 PARAMETER _MAG =     143.7500000    

 PARAMETER _MAG =     71.87500000    

 SPECIFIED SURFACE LOAD PRES FOR ALL SELECTED ELEMENTS  LKEY =  4   KVAL = 1
     VALUES =     71.875         143.75         0.0000         0.0000    

 ALL SELECT   FOR ITEM=NODE COMPONENT=    
  IN RANGE         1 TO       1424 STEP          1

       1424  NODES (OF       1424  DEFINED) SELECTED BY NSEL  COMMAND.

 ALL SELECT   FOR ITEM=ELEM COMPONENT=    
  IN RANGE         1 TO       1378 STEP          1

       1378  ELEMENTS (OF       1378  DEFINED) SELECTED BY  ESEL  COMMAND.

 PRINTOUT RESUMED BY /GOP

 USE       1 SUBSTEPS INITIALLY THIS LOAD STEP FOR ALL  DEGREES OF FREEDOM
 FOR AUTOMATIC TIME STEPPING:
   USE      1 SUBSTEPS AS A MAXIMUM
   USE      1 SUBSTEPS AS A MINIMUM

 TIME=  1.0000    

 ERASE THE CURRENT DATABASE OUTPUT CONTROL TABLE.


 WRITE ALL  ITEMS TO THE DATABASE WITH A FREQUENCY OF NONE
   FOR ALL APPLICABLE ENTITIES

 WRITE NSOL ITEMS TO THE DATABASE WITH A FREQUENCY OF ALL 
   FOR ALL APPLICABLE ENTITIES

 WRITE RSOL ITEMS TO THE DATABASE WITH A FREQUENCY OF ALL 
   FOR ALL APPLICABLE ENTITIES

 WRITE EANG ITEMS TO THE DATABASE WITH A FREQUENCY OF ALL 
   FOR ALL APPLICABLE ENTITIES

 WRITE ETMP ITEMS TO THE DATABASE WITH A FREQUENCY OF ALL 
   FOR ALL APPLICABLE ENTITIES

 WRITE VENG ITEMS TO THE DATABASE WITH A FREQUENCY OF ALL 
   FOR ALL APPLICABLE ENTITIES

 WRITE STRS ITEMS TO THE DATABASE WITH A FREQUENCY OF ALL 
   FOR ALL APPLICABLE ENTITIES

 WRITE EPEL ITEMS TO THE DATABASE WITH A FREQUENCY OF ALL 
   FOR ALL APPLICABLE ENTITIES

 WRITE EPPL ITEMS TO THE DATABASE WITH A FREQUENCY OF ALL 
   FOR ALL APPLICABLE ENTITIES

 WRITE CONT ITEMS TO THE DATABASE WITH A FREQUENCY OF ALL 
   FOR ALL APPLICABLE ENTITIES

 *GET  ANSINTER_  FROM  ACTI  ITEM=INT        VALUE=  0.00000000    

 *IF  ANSINTER_                         ( =   0.00000     )  NE  
      0                                 ( =   0.00000     )  THEN    

 *ENDIF

 *** NOTE ***                            CP =       0.562   TIME= 17:54:06
 The automatic domain decomposition logic has selected the MESH domain   
 decomposition method with 4 processes per solution.                     

 *****  MAPDL SOLVE    COMMAND  *****

 *** WARNING ***                         CP =       0.562   TIME= 17:54:06
 Element shape checking is currently inactive.  Issue SHPP,ON or         
 SHPP,WARN to reactivate, if desired.                                    

 *** NOTE ***                            CP =       0.562   TIME= 17:54:06
 The model data was checked and warning messages were found.             
  Please review output or errors file (                                  
 C:\Users\lenna\Desktop\Simulation_in_der_Gerätetechnik\FEM\Etappe       
 1\_ProjectScratch\Scr963E\file0.err ) for these warning messages.       

 *** SELECTION OF ELEMENT TECHNOLOGIES FOR APPLICABLE ELEMENTS ***
      --- GIVE SUGGESTIONS AND RESET THE KEY OPTIONS ---

 ELEMENT TYPE  1 IS PLANE182 WITH PLANE STRESS OPTION. IT IS ASSOCIATED WITH
 LINEAR MATERIALS ONLY. KEYOPT(1)=2 IS SUGGESTED AND HAS BEEN RESET.
  KEYOPT(1-12)=    2    0    3    0    0    0    0    0    0    0    0    0



 *** MAPDL - ENGINEERING ANALYSIS SYSTEM  RELEASE 2023 R1          23.1     ***
 Ansys Mechanical Enterprise Academic Student      
 01055371  VERSION=WINDOWS x64   17:54:06  APR 16, 2023 CP=      0.594

 FEM1_Ansys_19--Spiel (F5)                                                     



                       S O L U T I O N   O P T I O N S

   PROBLEM DIMENSIONALITY. . . . . . . . . . . . .2-D                  
   DEGREES OF FREEDOM. . . . . . UX   UY  
   ANALYSIS TYPE . . . . . . . . . . . . . . . . .STATIC (STEADY-STATE)
   OFFSET TEMPERATURE FROM ABSOLUTE ZERO . . . . .  273.15    
   EQUATION SOLVER OPTION. . . . . . . . . . . . .SPARSE             
   GLOBALLY ASSEMBLED MATRIX . . . . . . . . . . .SYMMETRIC  

 *** WARNING ***                         CP =       0.625   TIME= 17:54:06
 Material number 2 (used by element 1321) should normally have at least  
 one MP or one TB type command associated with it.  Output of energy by  
 material may not be available.                                          

 *** NOTE ***                            CP =       0.625   TIME= 17:54:06
 The step data was checked and warning messages were found.              
  Please review output or errors file (                                  
 C:\Users\lenna\Desktop\Simulation_in_der_Gerätetechnik\FEM\Etappe       
 1\_ProjectScratch\Scr963E\file0.err ) for these warning messages.       

 *** NOTE ***                            CP =       0.625   TIME= 17:54:06
 The conditions for direct assembly have been met.  No .emat or .erot    
 files will be produced.                                                 

  
  
     D I S T R I B U T E D   D O M A I N   D E C O M P O S E R
  
  ...Number of elements: 1378
  ...Number of nodes:    1424
  ...Decompose to 4 CPU domains
  ...Element load balance ratio =     1.020


                      L O A D   S T E P   O P T I O N S

   LOAD STEP NUMBER. . . . . . . . . . . . . . . .     1
   TIME AT END OF THE LOAD STEP. . . . . . . . . .  1.0000    
   NUMBER OF SUBSTEPS. . . . . . . . . . . . . . .     1
   STEP CHANGE BOUNDARY CONDITIONS . . . . . . . .    NO
   PRINT OUTPUT CONTROLS . . . . . . . . . . . . .NO PRINTOUT
   DATABASE OUTPUT CONTROLS
      ITEM     FREQUENCY   COMPONENT
       ALL       NONE               
      NSOL        ALL               
      RSOL        ALL               
      EANG        ALL               
      ETMP        ALL               
      VENG        ALL               
      STRS        ALL               
      EPEL        ALL               
      EPPL        ALL               
      CONT        ALL               


 SOLUTION MONITORING INFO IS WRITTEN TO FILE= file.mntr                                                                                                                                                                                                                                                           




            **** CENTER OF MASS, MASS, AND MASS MOMENTS OF INERTIA ****

  CALCULATIONS ASSUME ELEMENT MASS AT ELEMENT CENTROID

  TOTAL MASS =  0.91120E-06

                           MOM. OF INERTIA         MOM. OF INERTIA
  CENTER OF MASS            ABOUT ORIGIN        ABOUT CENTER OF MASS

  XC =   11.838          IXX =   0.7696E-05      IXX =   0.1812E-05
  YC =   2.5410          IYY =   0.1728E-03      IYY =   0.4507E-04
  ZC =   0.0000          IZZ =   0.1805E-03      IZZ =   0.4688E-04
                         IXY =  -0.2755E-04      IXY =  -0.1445E-06
                         IYZ =    0.000          IYZ =    0.000    
                         IZX =    0.000          IZX =    0.000    


  *** MASS SUMMARY BY ELEMENT TYPE ***

  TYPE      MASS
     1  0.911197E-06

 Range of element maximum matrix coefficients in global coordinates
 Maximum = 272937.797 at element 448.                                    
 Minimum = 98230.7975 at element 1317.                                   

   *** ELEMENT MATRIX FORMULATION TIMES
     TYPE    NUMBER   ENAME      TOTAL CP  AVE CP

        1      1320  PLANE182      0.156   0.000118
        2        58  SURF153       0.016   0.000269
 Time at end of element matrix formulation CP = 1.15625.                 

 DISTRIBUTED SPARSE MATRIX DIRECT SOLVER.
  Number of equations =        2755,    Maximum wavefront =     18

  Process memory allocated for solver              =     0.838 MB
  Process memory required for in-core solution     =     0.807 MB
  Process memory required for out-of-core solution =     0.758 MB

  Total memory allocated for solver                =     3.297 MB
  Total memory required for in-core solution       =     3.176 MB
  Total memory required for out-of-core solution   =     2.992 MB

 *** NOTE ***                            CP =       1.328   TIME= 17:54:06
 The Distributed Sparse Matrix Solver is currently running in the        
 in-core memory mode.  This memory mode uses the most amount of memory   
 in order to avoid using the hard drive as much as possible, which most  
 often results in the fastest solution time.  This mode is recommended   
 if enough physical memory is present to accommodate all of the solver   
 data.                                                                   
 Distributed sparse solver maximum pivot= 701620.807 at node 1144 UX.    
 Distributed sparse solver minimum pivot= 46138.4044 at node 1035 UX.    
 Distributed sparse solver minimum pivot in absolute value= 46138.4044   
 at node 1035 UX.                                                        

   *** ELEMENT RESULT CALCULATION TIMES
     TYPE    NUMBER   ENAME      TOTAL CP  AVE CP

        1      1320  PLANE182      0.094   0.000071
        2        58  SURF153       0.000   0.000000

   *** NODAL LOAD CALCULATION TIMES
     TYPE    NUMBER   ENAME      TOTAL CP  AVE CP

        1      1320  PLANE182      0.016   0.000012
        2        58  SURF153       0.000   0.000000
 *** LOAD STEP     1   SUBSTEP     1  COMPLETED.    CUM ITER =      1
 *** TIME =   1.00000         TIME INC =   1.00000      NEW TRIANG MATRIX


 *** MAPDL BINARY FILE STATISTICS
  BUFFER SIZE USED= 16384
        0.188 MB WRITTEN ON ASSEMBLED MATRIX FILE: file0.full
        0.500 MB WRITTEN ON RESULTS FILE: file0.rst
 *************** Write FE CONNECTORS *********

 WRITE OUT CONSTRAINT EQUATIONS TO FILE= file.ce                                                                                                                                                                                                                                                             
 ****************************************************
 *************** FINISHED SOLVE FOR LS 1 *************

 *GET  _WALLASOL  FROM  ACTI  ITEM=TIME WALL  VALUE=  17.9019444    

 PRINTOUT RESUMED BY /GOP

 FINISH SOLUTION PROCESSING


 ***** ROUTINE COMPLETED *****  CP =         1.578



 *** MAPDL - ENGINEERING ANALYSIS SYSTEM  RELEASE 2023 R1          23.1     ***
 Ansys Mechanical Enterprise Academic Student      
 01055371  VERSION=WINDOWS x64   17:54:07  APR 16, 2023 CP=      1.578

 FEM1_Ansys_19--Spiel (F5)                                                     



          ***** MAPDL RESULTS INTERPRETATION (POST1) *****

 *** NOTE ***                            CP =       1.578   TIME= 17:54:07
 Reading results into the database (SET command) will update the current 
 displacement and force boundary conditions in the database with the     
 values from the results file for that load set.  Note that any          
 subsequent solutions will use these values unless action is taken to    
 either SAVE the current values or not overwrite them (/EXIT,NOSAVE).    

 Set Encoding of XML File to:ISO-8859-1

 Set Output of XML File to:
     PARM,     ,     ,     ,     ,     ,     ,     ,     ,     ,     ,     ,
         ,     ,     ,     ,     ,     ,     ,

 DATABASE WRITTEN ON FILE  parm.xml                                                                                                                                                                                                                                                            

 EXIT THE MAPDL POST1 DATABASE PROCESSOR


 ***** ROUTINE COMPLETED *****  CP =         1.609



 PRINTOUT RESUMED BY /GOP

 *GET  _WALLDONE  FROM  ACTI  ITEM=TIME WALL  VALUE=  17.9019444    

 PARAMETER _PREPTIME =     0.000000000    

 PARAMETER _SOLVTIME =     1.000000000    

 PARAMETER _POSTTIME =     0.000000000    

 PARAMETER _TOTALTIM =     1.000000000    

 *GET  _DLBRATIO  FROM  ACTI  ITEM=SOLU DLBR  VALUE=  1.02034884    

 *GET  _COMBTIME  FROM  ACTI  ITEM=SOLU COMB  VALUE= 0.275554575E-01

 *GET  _SSMODE   FROM  ACTI  ITEM=SOLU SSMM  VALUE=  2.00000000    

 *GET  _NDOFS    FROM  ACTI  ITEM=SOLU NDOF  VALUE=  2755.00000    

 *GET  _SOL_END_TIME  FROM  ACTI  ITEM=SET  TIME  VALUE=  1.00000000    

 *IF  _sol_end_time                     ( =   1.00000     )  EQ  
      1.000000                          ( =   1.00000     )  THEN    

 /FCLEAN COMMAND REMOVING ALL LOCAL FILES

 *ENDIF
 --- Total number of nodes = 1424
 --- Total number of elements = 1378
 --- Element load balance ratio = 1.02034884
 --- Time to combine distributed files = 2.755545747E-02
 --- Sparse memory mode = 2
 --- Number of DOF = 2755

 EXIT MAPDL WITHOUT SAVING DATABASE


 NUMBER OF WARNING MESSAGES ENCOUNTERED=          2
 NUMBER OF ERROR   MESSAGES ENCOUNTERED=          0

+--------------------- M A P D L   S T A T I S T I C S ------------------------+

Release: 2023 R1            Build: 23.1       Update: UP20221128   Platform: WINDOWS x64 
Date Run: 04/16/2023   Time: 17:54     Process ID: 2672
Operating System: Windows 11  (Build: 22621)

Processor Model: Intel(R) Core(TM) i7-9750H CPU @ 2.60GHz

Compiler: Intel(R) Fortran Compiler Version 19.0.5  (Build: 20190815)
          Intel(R) C/C++ Compiler Version 19.0.5  (Build: 20190815)
          Intel(R) Math Kernel Library Version 2020.0.0 Product Build 20191125
          BLAS Library supplied by Intel(R) MKL

Number of machines requested            :    1
Total number of cores available         :   12
Number of physical cores available      :    6
Number of processes requested           :    4
Number of threads per process requested :    1
Total number of cores requested         :    4 (Distributed Memory Parallel)               
MPI Type: INTELMPI
MPI Version: Intel(R) MPI Library 2021.5 for Windows* OS


GPU Acceleration: Not Requested

Job Name: file0
Input File: dummy.dat

  Core                Machine Name   Working Directory
 -----------------------------------------------------
     0                      LG-Win   C:\Users\lenna\Desktop\Simulation_in_der_Gerätetechnik\FEM\Etappe 1\_ProjectScratch\Scr963E
     1                      LG-Win   C:\Users\lenna\Desktop\Simulation_in_der_Gerätetechnik\FEM\Etappe 1\_ProjectScratch\Scr963E
     2                      LG-Win   C:\Users\lenna\Desktop\Simulation_in_der_Gerätetechnik\FEM\Etappe 1\_ProjectScratch\Scr963E
     3                      LG-Win   C:\Users\lenna\Desktop\Simulation_in_der_Gerätetechnik\FEM\Etappe 1\_ProjectScratch\Scr963E
 
Latency time from master to core     1 =   27.249 microseconds
Latency time from master to core     2 =   20.031 microseconds
Latency time from master to core     3 =   22.403 microseconds
 
Communication speed from master to core     1 =  2757.34 MB/sec
Communication speed from master to core     2 =  2526.48 MB/sec
Communication speed from master to core     3 =  2439.03 MB/sec

Total CPU time for main thread                    :        1.3 seconds
Total CPU time summed for all threads             :        2.3 seconds

Elapsed time spent obtaining a license            :        0.4 seconds
Elapsed time spent pre-processing model (/PREP7)  :        0.0 seconds
Elapsed time spent solution - preprocessing       :        0.1 seconds
Elapsed time spent computing solution             :        0.2 seconds
Elapsed time spent solution - postprocessing      :        0.0 seconds
Elapsed time spent post-processing model (/POST1) :        0.0 seconds
 
Equation solver used                              :            Sparse (symmetric)
Equation solver computational rate                :        0.2 Gflops

Sum of memory used on all processes               :      174.0 MB
Sum of memory allocated on all processes          :     5184.0 MB
Physical memory available                         :         12 GB

Total amount of I/O written to disk               :        0.0 GB
Total amount of I/O read from disk                :        0.0 GB

+------------------ E N D   M A P D L   S T A T I S T I C S -------------------+


 *-----------------------------------------------------------------------------*
 |                                                                             |
 |                               RUN COMPLETED                                 |
 |                                                                             |
 |-----------------------------------------------------------------------------|
 |                                                                             |
 |  Ansys MAPDL 2023 R1         Build 23.1         UP20221128    WINDOWS x64   |
 |                                                                             |
 |-----------------------------------------------------------------------------|
 |                                                                             |
 |  Database Requested(-db)     1024 MB     Scratch Memory Requested   1024 MB |
 |  Max Database Used(Master)      2 MB     Max Scratch Used(Master)     43 MB |
 |  Max Database Used(Workers)     1 MB     Max Scratch Used(Workers)    42 MB |
 |  Sum Database Used(All)         5 MB     Sum Scratch Used(All)       169 MB |
 |                                                                             |
 |-----------------------------------------------------------------------------|
 |                                                                             |
 |        CP Time      (sec) =          2.281       Time  =  17:54:08          |
 |        Elapsed Time (sec) =          4.000       Date  =  04/16/2023        |
 |                                                                             |
 *-----------------------------------------------------------------------------*
